[2025-03-26 02:12:29] Error ID: 66cc64f7-59d8-489e-9518-6441a6779347
Message: Failed to send email to manjunadhagowdak279@gmail.com
Exception: System.ArgumentException: The value cannot be an empty string. (Parameter 'address')
   at System.ArgumentException.ThrowNullOrEmptyException(String argument, String paramName)
   at System.ArgumentException.ThrowIfNullOrEmpty(String argument, String paramName)
   at System.Net.Mail.MailAddress.TryParse(String address, String displayName, Encoding displayNameEncoding, ValueTuple`4& parsedData, Boolean throwExceptionIfFail)
   at System.Net.Mail.MailAddress..ctor(String address, String displayName)
   at StudentManagementSystem.Services.EmailService.CreateEmailMessage(String to, String subject, String body) in C:\Users\saiel\Downloads\.net\StudentManagementSystem\Services\EmailService.cs:line 93
   at StudentManagementSystem.Services.EmailService.SendEmailAsync(String to, String subject, String body) in C:\Users\saiel\Downloads\.net\StudentManagementSystem\Services\EmailService.cs:line 38
Stack Trace:    at System.ArgumentException.ThrowNullOrEmptyException(String argument, String paramName)
   at System.ArgumentException.ThrowIfNullOrEmpty(String argument, String paramName)
   at System.Net.Mail.MailAddress.TryParse(String address, String displayName, Encoding displayNameEncoding, ValueTuple`4& parsedData, Boolean throwExceptionIfFail)
   at System.Net.Mail.MailAddress..ctor(String address, String displayName)
   at StudentManagementSystem.Services.EmailService.CreateEmailMessage(String to, String subject, String body) in C:\Users\saiel\Downloads\.net\StudentManagementSystem\Services\EmailService.cs:line 93
   at StudentManagementSystem.Services.EmailService.SendEmailAsync(String to, String subject, String body) in C:\Users\saiel\Downloads\.net\StudentManagementSystem\Services\EmailService.cs:line 38
----------------------------------------
[2025-03-26 02:14:22] Error ID: b53d680a-ed8f-4ebd-9655-d127e954307b
Message: Error during login process
Exception: System.InvalidOperationException: No sign-in authentication handler is registered for the scheme 'CookieAuth'. The registered sign-in schemes are: Identity.Application, Identity.External, Identity.TwoFactorRememberMe, Identity.TwoFactorUserId. Did you forget to call AddAuthentication().AddCookie("CookieAuth",...)?
   at Microsoft.AspNetCore.Authentication.AuthenticationService.SignInAsync(HttpContext context, String scheme, ClaimsPrincipal principal, AuthenticationProperties properties)
   at StudentManagementSystem.Pages.Account.LoginModel.OnPostAsync(String returnUrl) in C:\Users\saiel\Downloads\.net\StudentManagementSystem\Pages\Account\Login.cshtml.cs:line 117
Stack Trace:    at Microsoft.AspNetCore.Authentication.AuthenticationService.SignInAsync(HttpContext context, String scheme, ClaimsPrincipal principal, AuthenticationProperties properties)
   at StudentManagementSystem.Pages.Account.LoginModel.OnPostAsync(String returnUrl) in C:\Users\saiel\Downloads\.net\StudentManagementSystem\Pages\Account\Login.cshtml.cs:line 117
----------------------------------------
[2025-03-26 02:20:26] Error ID: 271ad8d6-2e11-47dd-9e4e-00be89a43a50
Message: Failed to send email to 2203031240362@paruluniversity.ac.in
Exception: System.ArgumentException: The value cannot be an empty string. (Parameter 'address')
   at System.ArgumentException.ThrowNullOrEmptyException(String argument, String paramName)
   at System.ArgumentException.ThrowIfNullOrEmpty(String argument, String paramName)
   at System.Net.Mail.MailAddress.TryParse(String address, String displayName, Encoding displayNameEncoding, ValueTuple`4& parsedData, Boolean throwExceptionIfFail)
   at System.Net.Mail.MailAddress..ctor(String address, String displayName)
   at StudentManagementSystem.Services.EmailService.CreateEmailMessage(String to, String subject, String body)
   at StudentManagementSystem.Services.EmailService.SendEmailAsync(String to, String subject, String body)
Stack Trace:    at System.ArgumentException.ThrowNullOrEmptyException(String argument, String paramName)
   at System.ArgumentException.ThrowIfNullOrEmpty(String argument, String paramName)
   at System.Net.Mail.MailAddress.TryParse(String address, String displayName, Encoding displayNameEncoding, ValueTuple`4& parsedData, Boolean throwExceptionIfFail)
   at System.Net.Mail.MailAddress..ctor(String address, String displayName)
   at StudentManagementSystem.Services.EmailService.CreateEmailMessage(String to, String subject, String body)
   at StudentManagementSystem.Services.EmailService.SendEmailAsync(String to, String subject, String body)
----------------------------------------
[2025-03-26 02:30:13] Error ID: 708d9986-2f74-4d26-a468-bbc26f2e5191
Message: Failed to send email to 2203031240362@paruluniversity.ac.in
Exception: System.ArgumentException: The value cannot be an empty string. (Parameter 'address')
   at System.ArgumentException.ThrowNullOrEmptyException(String argument, String paramName)
   at System.ArgumentException.ThrowIfNullOrEmpty(String argument, String paramName)
   at System.Net.Mail.MailAddress.TryParse(String address, String displayName, Encoding displayNameEncoding, ValueTuple`4& parsedData, Boolean throwExceptionIfFail)
   at System.Net.Mail.MailAddress..ctor(String address, String displayName)
   at StudentManagementSystem.Services.EmailService.CreateEmailMessage(String to, String subject, String body)
   at StudentManagementSystem.Services.EmailService.SendEmailAsync(String to, String subject, String body)
Stack Trace:    at System.ArgumentException.ThrowNullOrEmptyException(String argument, String paramName)
   at System.ArgumentException.ThrowIfNullOrEmpty(String argument, String paramName)
   at System.Net.Mail.MailAddress.TryParse(String address, String displayName, Encoding displayNameEncoding, ValueTuple`4& parsedData, Boolean throwExceptionIfFail)
   at System.Net.Mail.MailAddress..ctor(String address, String displayName)
   at StudentManagementSystem.Services.EmailService.CreateEmailMessage(String to, String subject, String body)
   at StudentManagementSystem.Services.EmailService.SendEmailAsync(String to, String subject, String body)
----------------------------------------
[2025-03-26 02:31:34] Error ID: f3199ed7-f126-4ebb-a2d7-f2a67e206a90
Message: Failed to send email to saieleuri@gmail.com
Exception: System.ArgumentException: The value cannot be an empty string. (Parameter 'address')
   at System.ArgumentException.ThrowNullOrEmptyException(String argument, String paramName)
   at System.ArgumentException.ThrowIfNullOrEmpty(String argument, String paramName)
   at System.Net.Mail.MailAddress.TryParse(String address, String displayName, Encoding displayNameEncoding, ValueTuple`4& parsedData, Boolean throwExceptionIfFail)
   at System.Net.Mail.MailAddress..ctor(String address, String displayName)
   at StudentManagementSystem.Services.EmailService.CreateEmailMessage(String to, String subject, String body) in C:\Users\saiel\Downloads\.net\StudentManagementSystem\Services\EmailService.cs:line 106
   at StudentManagementSystem.Services.EmailService.SendEmailAsync(String to, String subject, String body) in C:\Users\saiel\Downloads\.net\StudentManagementSystem\Services\EmailService.cs:line 45
Stack Trace:    at System.ArgumentException.ThrowNullOrEmptyException(String argument, String paramName)
   at System.ArgumentException.ThrowIfNullOrEmpty(String argument, String paramName)
   at System.Net.Mail.MailAddress.TryParse(String address, String displayName, Encoding displayNameEncoding, ValueTuple`4& parsedData, Boolean throwExceptionIfFail)
   at System.Net.Mail.MailAddress..ctor(String address, String displayName)
   at StudentManagementSystem.Services.EmailService.CreateEmailMessage(String to, String subject, String body) in C:\Users\saiel\Downloads\.net\StudentManagementSystem\Services\EmailService.cs:line 106
   at StudentManagementSystem.Services.EmailService.SendEmailAsync(String to, String subject, String body) in C:\Users\saiel\Downloads\.net\StudentManagementSystem\Services\EmailService.cs:line 45
----------------------------------------
[2025-03-26 02:34:08] Error ID: 6ff2c0d7-12d6-4b21-a449-89d0653b977d
Message: Failed to send email to saieleuri@gmail.com
Exception: System.ArgumentException: The value cannot be an empty string. (Parameter 'address')
   at System.ArgumentException.ThrowNullOrEmptyException(String argument, String paramName)
   at System.ArgumentException.ThrowIfNullOrEmpty(String argument, String paramName)
   at System.Net.Mail.MailAddress.TryParse(String address, String displayName, Encoding displayNameEncoding, ValueTuple`4& parsedData, Boolean throwExceptionIfFail)
   at System.Net.Mail.MailAddress..ctor(String address, String displayName)
   at StudentManagementSystem.Services.EmailService.CreateEmailMessage(String to, String subject, String body)
   at StudentManagementSystem.Services.EmailService.SendEmailAsync(String to, String subject, String body)
Stack Trace:    at System.ArgumentException.ThrowNullOrEmptyException(String argument, String paramName)
   at System.ArgumentException.ThrowIfNullOrEmpty(String argument, String paramName)
   at System.Net.Mail.MailAddress.TryParse(String address, String displayName, Encoding displayNameEncoding, ValueTuple`4& parsedData, Boolean throwExceptionIfFail)
   at System.Net.Mail.MailAddress..ctor(String address, String displayName)
   at StudentManagementSystem.Services.EmailService.CreateEmailMessage(String to, String subject, String body)
   at StudentManagementSystem.Services.EmailService.SendEmailAsync(String to, String subject, String body)
----------------------------------------
[2025-03-26 02:39:03] Error ID: 822faae9-662a-44d9-aea8-ecd13ccd6c86
Message: Failed to send email to saieleuri@gmail.com
Exception: System.ArgumentException: The value cannot be an empty string. (Parameter 'address')
   at System.ArgumentException.ThrowNullOrEmptyException(String argument, String paramName)
   at System.ArgumentException.ThrowIfNullOrEmpty(String argument, String paramName)
   at System.Net.Mail.MailAddress.TryParse(String address, String displayName, Encoding displayNameEncoding, ValueTuple`4& parsedData, Boolean throwExceptionIfFail)
   at System.Net.Mail.MailAddress..ctor(String address, String displayName)
   at StudentManagementSystem.Services.EmailService.CreateEmailMessage(String to, String subject, String body) in C:\Users\saiel\Downloads\.net\StudentManagementSystem\Services\EmailService.cs:line 101
   at StudentManagementSystem.Services.EmailService.SendEmailAsync(String to, String subject, String body) in C:\Users\saiel\Downloads\.net\StudentManagementSystem\Services\EmailService.cs:line 40
Stack Trace:    at System.ArgumentException.ThrowNullOrEmptyException(String argument, String paramName)
   at System.ArgumentException.ThrowIfNullOrEmpty(String argument, String paramName)
   at System.Net.Mail.MailAddress.TryParse(String address, String displayName, Encoding displayNameEncoding, ValueTuple`4& parsedData, Boolean throwExceptionIfFail)
   at System.Net.Mail.MailAddress..ctor(String address, String displayName)
   at StudentManagementSystem.Services.EmailService.CreateEmailMessage(String to, String subject, String body) in C:\Users\saiel\Downloads\.net\StudentManagementSystem\Services\EmailService.cs:line 101
   at StudentManagementSystem.Services.EmailService.SendEmailAsync(String to, String subject, String body) in C:\Users\saiel\Downloads\.net\StudentManagementSystem\Services\EmailService.cs:line 40
----------------------------------------
[2025-03-26 02:43:56] Error ID: a831fdc8-4a71-4bd0-a93a-15d2308f9537
Message: Failed to send email to saieleuri@gmail.com
Exception: System.ArgumentException: The value cannot be an empty string. (Parameter 'address')
   at System.ArgumentException.ThrowNullOrEmptyException(String argument, String paramName)
   at System.ArgumentException.ThrowIfNullOrEmpty(String argument, String paramName)
   at System.Net.Mail.MailAddress.TryParse(String address, String displayName, Encoding displayNameEncoding, ValueTuple`4& parsedData, Boolean throwExceptionIfFail)
   at System.Net.Mail.MailAddress..ctor(String address, String displayName)
   at StudentManagementSystem.Services.EmailService.CreateEmailMessage(String to, String subject, String body)
   at StudentManagementSystem.Services.EmailService.SendEmailAsync(String to, String subject, String body)
Stack Trace:    at System.ArgumentException.ThrowNullOrEmptyException(String argument, String paramName)
   at System.ArgumentException.ThrowIfNullOrEmpty(String argument, String paramName)
   at System.Net.Mail.MailAddress.TryParse(String address, String displayName, Encoding displayNameEncoding, ValueTuple`4& parsedData, Boolean throwExceptionIfFail)
   at System.Net.Mail.MailAddress..ctor(String address, String displayName)
   at StudentManagementSystem.Services.EmailService.CreateEmailMessage(String to, String subject, String body)
   at StudentManagementSystem.Services.EmailService.SendEmailAsync(String to, String subject, String body)
----------------------------------------
[2025-03-26 02:45:24] Error ID: 65a243f1-95d2-423b-8e9c-edfcbee2b45f
Message: Error during login process
Exception: System.InvalidOperationException: No sign-in authentication handler is registered for the scheme 'CookieAuth'. The registered sign-in schemes are: Identity.Application, Identity.External, Identity.TwoFactorRememberMe, Identity.TwoFactorUserId. Did you forget to call AddAuthentication().AddCookie("CookieAuth",...)?
   at Microsoft.AspNetCore.Authentication.AuthenticationService.SignInAsync(HttpContext context, String scheme, ClaimsPrincipal principal, AuthenticationProperties properties)
   at StudentManagementSystem.Pages.Account.LoginModel.OnPostAsync(String returnUrl) in C:\Users\saiel\Downloads\.net\StudentManagementSystem\Pages\Account\Login.cshtml.cs:line 117
Stack Trace:    at Microsoft.AspNetCore.Authentication.AuthenticationService.SignInAsync(HttpContext context, String scheme, ClaimsPrincipal principal, AuthenticationProperties properties)
   at StudentManagementSystem.Pages.Account.LoginModel.OnPostAsync(String returnUrl) in C:\Users\saiel\Downloads\.net\StudentManagementSystem\Pages\Account\Login.cshtml.cs:line 117
----------------------------------------
[2025-03-26 02:48:37] Error ID: fca5adcf-c2b7-48a2-a739-0de8a24511e0
Message: Error during login process
Exception: System.InvalidOperationException: No sign-in authentication handler is registered for the scheme 'CookieAuth'. The registered sign-in schemes are: Identity.Application, Identity.External, Identity.TwoFactorRememberMe, Identity.TwoFactorUserId. Did you forget to call AddAuthentication().AddCookie("CookieAuth",...)?
   at Microsoft.AspNetCore.Authentication.AuthenticationService.SignInAsync(HttpContext context, String scheme, ClaimsPrincipal principal, AuthenticationProperties properties)
   at StudentManagementSystem.Pages.Account.LoginModel.OnPostAsync(String returnUrl)
Stack Trace:    at Microsoft.AspNetCore.Authentication.AuthenticationService.SignInAsync(HttpContext context, String scheme, ClaimsPrincipal principal, AuthenticationProperties properties)
   at StudentManagementSystem.Pages.Account.LoginModel.OnPostAsync(String returnUrl)
----------------------------------------
[2025-03-26 03:00:23] Error ID: 59fae037-3af0-4493-9494-bb588594a87c
Message: Error during login process
Exception: System.InvalidOperationException: No sign-in authentication handler is registered for the scheme 'CookieAuth'. The registered sign-in schemes are: Identity.Application, Identity.External, Identity.TwoFactorRememberMe, Identity.TwoFactorUserId, Cookies. Did you forget to call AddAuthentication().AddCookie("CookieAuth",...)?
   at Microsoft.AspNetCore.Authentication.AuthenticationService.SignInAsync(HttpContext context, String scheme, ClaimsPrincipal principal, AuthenticationProperties properties)
   at StudentManagementSystem.Pages.Account.LoginModel.OnPostAsync(String returnUrl) in C:\Users\saiel\Downloads\.net\StudentManagementSystem\Pages\Account\Login.cshtml.cs:line 121
Stack Trace:    at Microsoft.AspNetCore.Authentication.AuthenticationService.SignInAsync(HttpContext context, String scheme, ClaimsPrincipal principal, AuthenticationProperties properties)
   at StudentManagementSystem.Pages.Account.LoginModel.OnPostAsync(String returnUrl) in C:\Users\saiel\Downloads\.net\StudentManagementSystem\Pages\Account\Login.cshtml.cs:line 121
----------------------------------------
[2025-03-26 03:01:31] Error ID: 7093636b-3a43-4b2c-8e5f-16f9c4d3fa4b
Message: Error during login process
Exception: System.InvalidOperationException: No sign-in authentication handler is registered for the scheme 'CookieAuth'. The registered sign-in schemes are: Identity.Application, Identity.External, Identity.TwoFactorRememberMe, Identity.TwoFactorUserId, Cookies. Did you forget to call AddAuthentication().AddCookie("CookieAuth",...)?
   at Microsoft.AspNetCore.Authentication.AuthenticationService.SignInAsync(HttpContext context, String scheme, ClaimsPrincipal principal, AuthenticationProperties properties)
   at StudentManagementSystem.Pages.Account.LoginModel.OnPostAsync(String returnUrl)
Stack Trace:    at Microsoft.AspNetCore.Authentication.AuthenticationService.SignInAsync(HttpContext context, String scheme, ClaimsPrincipal principal, AuthenticationProperties properties)
   at StudentManagementSystem.Pages.Account.LoginModel.OnPostAsync(String returnUrl)
----------------------------------------
[2025-03-26 03:04:59] Error ID: 409bc0cf-8d9d-4a9f-9bd6-24fd45bef60b
Message: Error during login process
Exception: System.InvalidOperationException: No sign-in authentication handler is registered for the scheme 'CookieAuth'. The registered sign-in schemes are: Identity.Application, Identity.External, Identity.TwoFactorRememberMe, Identity.TwoFactorUserId, Cookies. Did you forget to call AddAuthentication().AddCookie("CookieAuth",...)?
   at Microsoft.AspNetCore.Authentication.AuthenticationService.SignInAsync(HttpContext context, String scheme, ClaimsPrincipal principal, AuthenticationProperties properties)
   at StudentManagementSystem.Pages.Account.LoginModel.OnPostAsync(String returnUrl)
Stack Trace:    at Microsoft.AspNetCore.Authentication.AuthenticationService.SignInAsync(HttpContext context, String scheme, ClaimsPrincipal principal, AuthenticationProperties properties)
   at StudentManagementSystem.Pages.Account.LoginModel.OnPostAsync(String returnUrl)
----------------------------------------
[2025-03-26 06:14:51] Error ID: 755fa0d3-944e-4ae7-941e-0e9a5d419d7f
Message: Error during login process
Exception: StudentManagementSystem.Utilities.NotFoundException: Student with email 2203031240362@paaruluniversity.ac.in not found
   at StudentManagementSystem.Services.StudentService.GetStudentByEmailAsync(String email) in /project/sandbox/user-workspace/StudentManagementSystem/Services/StudentService.cs:line 75
   at StudentManagementSystem.Pages.Account.LoginModel.OnPostAsync(String returnUrl) in /project/sandbox/user-workspace/StudentManagementSystem/Pages/Account/Login.cshtml.cs:line 100
Stack Trace:    at StudentManagementSystem.Services.StudentService.GetStudentByEmailAsync(String email) in /project/sandbox/user-workspace/StudentManagementSystem/Services/StudentService.cs:line 75
   at StudentManagementSystem.Pages.Account.LoginModel.OnPostAsync(String returnUrl) in /project/sandbox/user-workspace/StudentManagementSystem/Pages/Account/Login.cshtml.cs:line 100
----------------------------------------
[2025-03-26 06:14:55] Error ID: 24d159a1-81a6-4725-9b60-3c2122aa3b15
Message: Error during login process
Exception: StudentManagementSystem.Utilities.NotFoundException: Student with email 2203031240362@paaruluniversity.ac.in not found
   at StudentManagementSystem.Services.StudentService.GetStudentByEmailAsync(String email) in /project/sandbox/user-workspace/StudentManagementSystem/Services/StudentService.cs:line 75
   at StudentManagementSystem.Pages.Account.LoginModel.OnPostAsync(String returnUrl) in /project/sandbox/user-workspace/StudentManagementSystem/Pages/Account/Login.cshtml.cs:line 100
Stack Trace:    at StudentManagementSystem.Services.StudentService.GetStudentByEmailAsync(String email) in /project/sandbox/user-workspace/StudentManagementSystem/Services/StudentService.cs:line 75
   at StudentManagementSystem.Pages.Account.LoginModel.OnPostAsync(String returnUrl) in /project/sandbox/user-workspace/StudentManagementSystem/Pages/Account/Login.cshtml.cs:line 100
----------------------------------------
